Doxygen version used: 1.16.1
Searching for include files...
Searching for example files...
Searching for images...
Searching for dot files...
Searching for msc files...
Searching for dia files...
Searching for plantuml files...
Searching for files to exclude
Searching INPUT for files to process...
Searching for files in directory /home/mduda/Documents/WDS_projekt/inc
Searching for files in directory /home/mduda/Documents/WDS_projekt/src
Reading and parsing tag files
Parsing files
Preprocessing /home/mduda/Documents/WDS_projekt/inc/battery_widget.hpp...
Parsing file /home/mduda/Documents/WDS_projekt/inc/battery_widget.hpp...
Preprocessing /home/mduda/Documents/WDS_projekt/inc/control_pad_widget.hpp...
Parsing file /home/mduda/Documents/WDS_projekt/inc/control_pad_widget.hpp...
Preprocessing /home/mduda/Documents/WDS_projekt/inc/gl_rover_widget.hpp...
Parsing file /home/mduda/Documents/WDS_projekt/inc/gl_rover_widget.hpp...
Preprocessing /home/mduda/Documents/WDS_projekt/inc/imu_page.hpp...
Parsing file /home/mduda/Documents/WDS_projekt/inc/imu_page.hpp...
Preprocessing /home/mduda/Documents/WDS_projekt/inc/odomState.hpp...
Parsing file /home/mduda/Documents/WDS_projekt/inc/odomState.hpp...
Preprocessing /home/mduda/Documents/WDS_projekt/inc/ros_node.hpp...
Parsing file /home/mduda/Documents/WDS_projekt/inc/ros_node.hpp...
Preprocessing /home/mduda/Documents/WDS_projekt/inc/slam_page.hpp...
Parsing file /home/mduda/Documents/WDS_projekt/inc/slam_page.hpp...
Preprocessing /home/mduda/Documents/WDS_projekt/inc/window.hpp...
Parsing file /home/mduda/Documents/WDS_projekt/inc/window.hpp...
Preprocessing /home/mduda/Documents/WDS_projekt/src/battery_widget.cpp...
Parsing file /home/mduda/Documents/WDS_projekt/src/battery_widget.cpp...
Preprocessing /home/mduda/Documents/WDS_projekt/src/control_pad_widget.cpp...
Parsing file /home/mduda/Documents/WDS_projekt/src/control_pad_widget.cpp...
Preprocessing /home/mduda/Documents/WDS_projekt/src/gl_rover_widget.cpp...
Parsing file /home/mduda/Documents/WDS_projekt/src/gl_rover_widget.cpp...
Preprocessing /home/mduda/Documents/WDS_projekt/src/imu_page.cpp...
Parsing file /home/mduda/Documents/WDS_projekt/src/imu_page.cpp...
Preprocessing /home/mduda/Documents/WDS_projekt/src/main.cpp...
Parsing file /home/mduda/Documents/WDS_projekt/src/main.cpp...
Preprocessing /home/mduda/Documents/WDS_projekt/src/ros_node.cpp...
Parsing file /home/mduda/Documents/WDS_projekt/src/ros_node.cpp...
Preprocessing /home/mduda/Documents/WDS_projekt/src/slam_page.cpp...
Parsing file /home/mduda/Documents/WDS_projekt/src/slam_page.cpp...
Preprocessing /home/mduda/Documents/WDS_projekt/src/window.cpp...
Parsing file /home/mduda/Documents/WDS_projekt/src/window.cpp...
Building macro definition list...
Building group list...
Building directory list...
Building namespace list...
Building file list...
Building class list...
Building concept list...
Computing nesting relations for classes...
Associating documentation with classes...
Associating documentation with concepts...
Associating documentation with modules...
Building example list...
Searching for enumerations...
Searching for documented typedefs...
Searching for members imported via using declarations...
Searching for included using directives...
Searching for documented variables...
Building interface member list...
Building member list...
Searching for friends...
Searching for documented defines...
Computing class inheritance relations...
Computing class usage relations...
Flushing cached template relations that have become invalid...
Warn for undocumented namespaces...
Computing class relations...
Add enum values to enums...
Searching for member function documentation...
Creating members for template instances...
Building page list...
Building requirements list...
Search for main page...
Computing page relations...
Determining the scope of groups...
Computing module relations...
Sorting lists...
Determining which enums are documented
Computing member relations...
Building full member lists recursively...
Adding members to member groups.
Computing member references...
Inheriting documentation...
Generating disk names...
Adding source references...
Adding xrefitems...
Adding requirements...
Sorting member lists...
Setting anonymous enum type...
Computing dependencies between directories...
Generating citations page...
Counting members...
Counting data structures...
Resolving user defined references...
Finding anchors and sections in the documentation...
Transferring function references...
Combining using relations...
Adding members to index pages...
Correcting members for VHDL...
Computing tooltip texts...
Generating style sheet...
Generating search indices...
Generating example documentation...
Generating file sources...
Generating code for file inc/battery_widget.hpp...
Generating code for file inc/control_pad_widget.hpp...
Generating code for file inc/gl_rover_widget.hpp...
Generating code for file inc/imu_page.hpp...
Generating code for file inc/odomState.hpp...
Generating code for file inc/ros_node.hpp...
Generating code for file inc/slam_page.hpp...
Generating code for file inc/window.hpp...
Generating file documentation...
Generating docs for file inc/battery_widget.hpp...
Generating docs for file inc/control_pad_widget.hpp...
Generating docs for file inc/gl_rover_widget.hpp...
Generating docs for file inc/imu_page.hpp...
Generating docs for file inc/odomState.hpp...
Generating docs for file inc/ros_node.hpp...
Generating docs for file inc/slam_page.hpp...
Generating docs for file inc/window.hpp...
Generating docs for file src/battery_widget.cpp...
Generating docs for file src/control_pad_widget.cpp...
Generating docs for file src/gl_rover_widget.cpp...
Generating docs for file src/imu_page.cpp...
Generating docs for file src/main.cpp...
Generating docs for file src/ros_node.cpp...
Generating docs for file src/slam_page.cpp...
Generating docs for file src/window.cpp...
Generating page documentation...
Generating group documentation...
Generating class documentation...
Generating docs for compound BatteryWidget...
Generating docs for compound ControlPadWidget...
Generating docs for compound GLRoverWidget...
Generating docs for compound ImuPage...
Generating docs for compound MapWidget...
Generating docs for compound odomState...
Generating docs for compound RosNode...
Generating docs for compound SlamPage...
Generating docs for compound Window...
Generating concept documentation...
Generating module documentation...
Generating namespace documentation...
Generating graph info page...
Generating directory documentation...
Generating dependency graph for directory src
Generating index page...
Generating page index...
Generating topic index...
Generating module index...
Generating module member index...
Generating namespace index...
Generating namespace member index...
Generating concept index...
Generating annotated compound index...
Generating alphabetical compound index...
Generating hierarchical class index...
Generating graphical class hierarchy...
Generating member index...
Generating file index...
Generating file member index...
Generating example index...
finalizing index lists...
writing tag file...
Running plantuml with JAVA...
Running dot...
Generating dot graphs using 23 parallel threads...
Running dot for graph 1/86
Running dot for graph 2/86
Running dot for graph 3/86
Running dot for graph 4/86
Running dot for graph 5/86
Running dot for graph 6/86
Running dot for graph 7/86
Running dot for graph 8/86
Running dot for graph 9/86
Running dot for graph 10/86
Running dot for graph 11/86
Running dot for graph 12/86
Running dot for graph 13/86
Running dot for graph 14/86
Running dot for graph 15/86
Running dot for graph 16/86
Running dot for graph 17/86
Running dot for graph 18/86
Running dot for graph 19/86
Running dot for graph 20/86
Running dot for graph 21/86
Running dot for graph 22/86
Running dot for graph 23/86
Running dot for graph 24/86
Running dot for graph 25/86
Running dot for graph 26/86
Running dot for graph 27/86
Running dot for graph 28/86
Running dot for graph 29/86
Running dot for graph 30/86
Running dot for graph 31/86
Running dot for graph 32/86
Running dot for graph 33/86
Running dot for graph 34/86
Running dot for graph 35/86
Running dot for graph 36/86
Running dot for graph 37/86
Running dot for graph 38/86
Running dot for graph 39/86
Running dot for graph 40/86
Running dot for graph 41/86
Running dot for graph 42/86
Running dot for graph 43/86
Running dot for graph 44/86
Running dot for graph 45/86
Running dot for graph 46/86
Running dot for graph 47/86
Running dot for graph 48/86
Running dot for graph 49/86
Running dot for graph 50/86
Running dot for graph 51/86
Running dot for graph 52/86
Running dot for graph 53/86
Running dot for graph 54/86
Running dot for graph 55/86
Running dot for graph 56/86
Running dot for graph 57/86
Running dot for graph 58/86
Running dot for graph 59/86
Running dot for graph 60/86
Running dot for graph 61/86
Running dot for graph 62/86
Running dot for graph 63/86
Running dot for graph 64/86
Running dot for graph 65/86
Running dot for graph 66/86
Running dot for graph 67/86
Running dot for graph 68/86
Running dot for graph 69/86
Running dot for graph 70/86
Running dot for graph 71/86
Running dot for graph 72/86
Running dot for graph 73/86
Running dot for graph 74/86
Running dot for graph 75/86
Running dot for graph 76/86
Running dot for graph 77/86
Running dot for graph 78/86
Running dot for graph 79/86
Running dot for graph 80/86
Running dot for graph 81/86
Running dot for graph 82/86
Running dot for graph 83/86
Running dot for graph 84/86
Running dot for graph 85/86
Running dot for graph 86/86
Patching output file 1/51
Patching output file 2/51
Patching output file 3/51
Patching output file 4/51
Patching output file 5/51
Patching output file 6/51
Patching output file 7/51
Patching output file 8/51
Patching output file 9/51
Patching output file 10/51
Patching output file 11/51
Patching output file 12/51
Patching output file 13/51
Patching output file 14/51
Patching output file 15/51
Patching output file 16/51
Patching output file 17/51
Patching output file 18/51
Patching output file 19/51
Patching output file 20/51
Patching output file 21/51
Patching output file 22/51
Patching output file 23/51
Patching output file 24/51
Patching output file 25/51
Patching output file 26/51
Patching output file 27/51
Patching output file 28/51
Patching output file 29/51
Patching output file 30/51
Patching output file 31/51
Patching output file 32/51
Patching output file 33/51
Patching output file 34/51
Patching output file 35/51
Patching output file 36/51
Patching output file 37/51
Patching output file 38/51
Patching output file 39/51
Patching output file 40/51
Patching output file 41/51
Patching output file 42/51
Patching output file 43/51
Patching output file 44/51
Patching output file 45/51
Patching output file 46/51
Patching output file 47/51
Patching output file 48/51
Patching output file 49/51
Patching output file 50/51
Patching output file 51/51
type lookup cache used 103/65536 hits=165 misses=110
symbol lookup cache used 397/65536 hits=2166 misses=397
finished...
